[INFO] [2018-04-11 22:30:05][org.springframework.web.context.ContextLoader]Root WebApplicationContext: initialization started
  [INFO] [2018-04-11 22:30:05][org.springframework.web.context.support.XmlWebApplicationContext]Refreshing Root WebApplicationContext: startup date [Wed Apr 11 22:30:05 GMT+08:00 2018]; root of context hierarchy
  [INFO] [2018-04-11 22:30:05][org.springframework.beans.factory.xml.XmlBeanDefinitionReader]Loading XML bean definitions from class path resource [spring-mybatis.xml]
  [INFO] [2018-04-11 22:30:05][org.springframework.context.support.PropertySourcesPlaceholderConfigurer]Loading properties file from class path resource [jdbc.properties]
  [INFO] [2018-04-11 22:30:05][org.springframework.beans.factory.annotation.AutowiredAnnotationBeanPostProcessor]JSR-330 'javax.inject.Inject' annotation found and supported for autowiring
  [INFO] [2018-04-11 22:30:06][org.springframework.web.context.ContextLoader]Root WebApplicationContext: initialization completed in 511 ms
  [INFO] [2018-04-11 22:30:06][org.springframework.web.servlet.DispatcherServlet]FrameworkServlet 'SpringMVC': initialization started
  [INFO] [2018-04-11 22:30:06][org.springframework.web.context.support.XmlWebApplicationContext]Refreshing WebApplicationContext for namespace 'SpringMVC-servlet': startup date [Wed Apr 11 22:30:06 GMT+08:00 2018]; parent: Root WebApplicationContext
  [INFO] [2018-04-11 22:30:06][org.springframework.beans.factory.xml.XmlBeanDefinitionReader]Loading XML bean definitions from class path resource [spring-mvc.xml]
  [INFO] [2018-04-11 22:30:06][org.springframework.beans.factory.annotation.AutowiredAnnotationBeanPostProcessor]JSR-330 'javax.inject.Inject' annotation found and supported for autowiring
  [INFO] [2018-04-11 22:30:06][org.springframework.web.servlet.handler.SimpleUrlHandlerMapping]Mapped URL path [/static/**] onto handler 'org.springframework.web.servlet.resource.ResourceHttpRequestHandler#0'
  [INFO] [2018-04-11 22:30:06][org.springframework.web.servlet.handler.SimpleUrlHandlerMapping]Mapped URL path [/view/**] onto handler 'org.springframework.web.servlet.resource.ResourceHttpRequestHandler#1'
  [INFO] [2018-04-11 22:30:06][org.springframework.web.servlet.mvc.method.annotation.RequestMappingHandlerMapping]Mapped "{[/login/register],methods=[],params=[],headers=[],consumes=[],produces=[],custom=[]}" onto public com.fun.util.msg.ResultMsg com.fun.body.user.controller.LoginController.register(java.lang.String,java.lang.String)
  [INFO] [2018-04-11 22:30:06][org.springframework.web.servlet.mvc.method.annotation.RequestMappingHandlerMapping]Mapped "{[/login/test],methods=[],params=[],headers=[],consumes=[],produces=[],custom=[]}" onto public com.fun.util.msg.ResultMsg com.fun.body.user.controller.LoginController.test()
  [INFO] [2018-04-11 22:30:06][org.springframework.web.servlet.mvc.method.annotation.RequestMappingHandlerMapping]Mapped "{[/login/userIdRepeat],methods=[],params=[],headers=[],consumes=[],produces=[],custom=[]}" onto public com.fun.util.msg.ResultMsg com.fun.body.user.controller.LoginController.userIdRepeat(java.lang.String)
  [INFO] [2018-04-11 22:30:06][org.springframework.web.servlet.mvc.method.annotation.RequestMappingHandlerMapping]Mapped "{[/login/alterPassWord],methods=[],params=[],headers=[],consumes=[],produces=[],custom=[]}" onto public com.fun.util.msg.ResultMsg com.fun.body.user.controller.LoginController.alterPassWord(java.lang.String,java.lang.String)
  [INFO] [2018-04-11 22:30:06][org.springframework.web.servlet.mvc.method.annotation.RequestMappingHandlerMapping]Mapped "{[/login/signIn],methods=[],params=[],headers=[],consumes=[],produces=[],custom=[]}" onto public com.fun.util.msg.ResultMsg com.fun.body.user.controller.LoginController.login(java.lang.String,java.lang.String,javax.servlet.http.HttpServletRequest)
  [INFO] [2018-04-11 22:30:06][org.springframework.web.servlet.mvc.method.annotation.RequestMappingHandlerMapping]Mapped "{[/user/showUser],methods=[],params=[],headers=[],consumes=[],produces=[],custom=[]}" onto public java.lang.String com.fun.body.user.controller.UserController.toIndex(javax.servlet.http.HttpServletRequest,org.springframework.ui.Model)
  [INFO] [2018-04-11 22:30:06][org.springframework.web.servlet.DispatcherServlet]FrameworkServlet 'SpringMVC': initialization completed in 586 ms
  [INFO] [2018-04-11 22:32:44][org.springframework.web.context.support.XmlWebApplicationContext]Closing WebApplicationContext for namespace 'SpringMVC-servlet': startup date [Wed Apr 11 22:30:06 GMT+08:00 2018]; parent: Root WebApplicationContext
  [INFO] [2018-04-11 22:32:44][org.springframework.web.context.support.XmlWebApplicationContext]Closing Root WebApplicationContext: startup date [Wed Apr 11 22:30:05 GMT+08:00 2018]; root of context hierarchy
  [INFO] [2018-04-11 22:32:45][org.springframework.web.context.ContextLoader]Root WebApplicationContext: initialization started
  [INFO] [2018-04-11 22:32:45][org.springframework.web.context.support.XmlWebApplicationContext]Refreshing Root WebApplicationContext: startup date [Wed Apr 11 22:32:45 GMT+08:00 2018]; root of context hierarchy
  [INFO] [2018-04-11 22:32:45][org.springframework.beans.factory.xml.XmlBeanDefinitionReader]Loading XML bean definitions from class path resource [spring-mybatis.xml]
  [INFO] [2018-04-11 22:32:45][org.springframework.context.support.PropertySourcesPlaceholderConfigurer]Loading properties file from class path resource [jdbc.properties]
  [INFO] [2018-04-11 22:32:45][org.springframework.beans.factory.annotation.AutowiredAnnotationBeanPostProcessor]JSR-330 'javax.inject.Inject' annotation found and supported for autowiring
  [INFO] [2018-04-11 22:32:46][org.springframework.web.context.ContextLoader]Root WebApplicationContext: initialization completed in 313 ms
  [INFO] [2018-04-11 22:32:46][org.springframework.web.servlet.DispatcherServlet]FrameworkServlet 'SpringMVC': initialization started
  [INFO] [2018-04-11 22:32:46][org.springframework.web.context.support.XmlWebApplicationContext]Refreshing WebApplicationContext for namespace 'SpringMVC-servlet': startup date [Wed Apr 11 22:32:46 GMT+08:00 2018]; parent: Root WebApplicationContext
  [INFO] [2018-04-11 22:32:46][org.springframework.beans.factory.xml.XmlBeanDefinitionReader]Loading XML bean definitions from class path resource [spring-mvc.xml]
  [INFO] [2018-04-11 22:32:46][org.springframework.beans.factory.annotation.AutowiredAnnotationBeanPostProcessor]JSR-330 'javax.inject.Inject' annotation found and supported for autowiring
  [INFO] [2018-04-11 22:32:46][org.springframework.web.servlet.handler.SimpleUrlHandlerMapping]Mapped URL path [/static/**] onto handler 'org.springframework.web.servlet.resource.ResourceHttpRequestHandler#0'
  [INFO] [2018-04-11 22:32:46][org.springframework.web.servlet.handler.SimpleUrlHandlerMapping]Mapped URL path [/view/**] onto handler 'org.springframework.web.servlet.resource.ResourceHttpRequestHandler#1'
  [INFO] [2018-04-11 22:32:46][org.springframework.web.servlet.mvc.method.annotation.RequestMappingHandlerMapping]Mapped "{[/login/register],methods=[],params=[],headers=[],consumes=[],produces=[],custom=[]}" onto public com.fun.util.msg.ResultMsg com.fun.body.user.controller.LoginController.register(java.lang.String,java.lang.String)
  [INFO] [2018-04-11 22:32:46][org.springframework.web.servlet.mvc.method.annotation.RequestMappingHandlerMapping]Mapped "{[/login/test],methods=[],params=[],headers=[],consumes=[],produces=[],custom=[]}" onto public com.fun.util.msg.ResultMsg com.fun.body.user.controller.LoginController.test()
  [INFO] [2018-04-11 22:32:46][org.springframework.web.servlet.mvc.method.annotation.RequestMappingHandlerMapping]Mapped "{[/login/userIdRepeat],methods=[],params=[],headers=[],consumes=[],produces=[],custom=[]}" onto public com.fun.util.msg.ResultMsg com.fun.body.user.controller.LoginController.userIdRepeat(java.lang.String)
  [INFO] [2018-04-11 22:32:46][org.springframework.web.servlet.mvc.method.annotation.RequestMappingHandlerMapping]Mapped "{[/login/alterPassWord],methods=[],params=[],headers=[],consumes=[],produces=[],custom=[]}" onto public com.fun.util.msg.ResultMsg com.fun.body.user.controller.LoginController.alterPassWord(java.lang.String,java.lang.String)
  [INFO] [2018-04-11 22:32:46][org.springframework.web.servlet.mvc.method.annotation.RequestMappingHandlerMapping]Mapped "{[/login/signIn],methods=[],params=[],headers=[],consumes=[],produces=[],custom=[]}" onto public com.fun.util.msg.ResultMsg com.fun.body.user.controller.LoginController.login(java.lang.String,java.lang.String,javax.servlet.http.HttpServletRequest)
  [INFO] [2018-04-11 22:32:46][org.springframework.web.servlet.mvc.method.annotation.RequestMappingHandlerMapping]Mapped "{[/user/showUser],methods=[],params=[],headers=[],consumes=[],produces=[],custom=[]}" onto public java.lang.String com.fun.body.user.controller.UserController.toIndex(javax.servlet.http.HttpServletRequest,org.springframework.ui.Model)
  [INFO] [2018-04-11 22:32:46][org.springframework.web.servlet.DispatcherServlet]FrameworkServlet 'SpringMVC': initialization completed in 405 ms
  [INFO] [2018-04-11 22:32:54][org.springframework.web.context.support.XmlWebApplicationContext]Closing WebApplicationContext for namespace 'SpringMVC-servlet': startup date [Wed Apr 11 22:32:46 GMT+08:00 2018]; parent: Root WebApplicationContext
  [INFO] [2018-04-11 22:32:54][org.springframework.web.context.support.XmlWebApplicationContext]Closing Root WebApplicationContext: startup date [Wed Apr 11 22:32:45 GMT+08:00 2018]; root of context hierarchy
  [INFO] [2018-04-11 22:32:55][org.springframework.web.context.ContextLoader]Root WebApplicationContext: initialization started
  [INFO] [2018-04-11 22:32:55][org.springframework.web.context.support.XmlWebApplicationContext]Refreshing Root WebApplicationContext: startup date [Wed Apr 11 22:32:55 GMT+08:00 2018]; root of context hierarchy
  [INFO] [2018-04-11 22:32:55][org.springframework.beans.factory.xml.XmlBeanDefinitionReader]Loading XML bean definitions from class path resource [spring-mybatis.xml]
  [INFO] [2018-04-11 22:32:55][org.springframework.context.support.PropertySourcesPlaceholderConfigurer]Loading properties file from class path resource [jdbc.properties]
  [INFO] [2018-04-11 22:32:55][org.springframework.beans.factory.annotation.AutowiredAnnotationBeanPostProcessor]JSR-330 'javax.inject.Inject' annotation found and supported for autowiring
  [INFO] [2018-04-11 22:32:55][org.springframework.web.context.ContextLoader]Root WebApplicationContext: initialization completed in 287 ms
  [INFO] [2018-04-11 22:32:55][org.springframework.web.servlet.DispatcherServlet]FrameworkServlet 'SpringMVC': initialization started
  [INFO] [2018-04-11 22:32:55][org.springframework.web.context.support.XmlWebApplicationContext]Refreshing WebApplicationContext for namespace 'SpringMVC-servlet': startup date [Wed Apr 11 22:32:55 GMT+08:00 2018]; parent: Root WebApplicationContext
  [INFO] [2018-04-11 22:32:55][org.springframework.beans.factory.xml.XmlBeanDefinitionReader]Loading XML bean definitions from class path resource [spring-mvc.xml]
  [INFO] [2018-04-11 22:32:56][org.springframework.beans.factory.annotation.AutowiredAnnotationBeanPostProcessor]JSR-330 'javax.inject.Inject' annotation found and supported for autowiring
  [INFO] [2018-04-11 22:32:56][org.springframework.web.servlet.handler.SimpleUrlHandlerMapping]Mapped URL path [/static/**] onto handler 'org.springframework.web.servlet.resource.ResourceHttpRequestHandler#0'
  [INFO] [2018-04-11 22:32:56][org.springframework.web.servlet.handler.SimpleUrlHandlerMapping]Mapped URL path [/view/**] onto handler 'org.springframework.web.servlet.resource.ResourceHttpRequestHandler#1'
  [INFO] [2018-04-11 22:32:56][org.springframework.web.servlet.mvc.method.annotation.RequestMappingHandlerMapping]Mapped "{[/login/register],methods=[],params=[],headers=[],consumes=[],produces=[],custom=[]}" onto public com.fun.util.msg.ResultMsg com.fun.body.user.controller.LoginController.register(java.lang.String,java.lang.String)
  [INFO] [2018-04-11 22:32:56][org.springframework.web.servlet.mvc.method.annotation.RequestMappingHandlerMapping]Mapped "{[/login/test],methods=[],params=[],headers=[],consumes=[],produces=[],custom=[]}" onto public com.fun.util.msg.ResultMsg com.fun.body.user.controller.LoginController.test()
  [INFO] [2018-04-11 22:32:56][org.springframework.web.servlet.mvc.method.annotation.RequestMappingHandlerMapping]Mapped "{[/login/userIdRepeat],methods=[],params=[],headers=[],consumes=[],produces=[],custom=[]}" onto public com.fun.util.msg.ResultMsg com.fun.body.user.controller.LoginController.userIdRepeat(java.lang.String)
  [INFO] [2018-04-11 22:32:56][org.springframework.web.servlet.mvc.method.annotation.RequestMappingHandlerMapping]Mapped "{[/login/alterPassWord],methods=[],params=[],headers=[],consumes=[],produces=[],custom=[]}" onto public com.fun.util.msg.ResultMsg com.fun.body.user.controller.LoginController.alterPassWord(java.lang.String,java.lang.String)
  [INFO] [2018-04-11 22:32:56][org.springframework.web.servlet.mvc.method.annotation.RequestMappingHandlerMapping]Mapped "{[/login/signIn],methods=[],params=[],headers=[],consumes=[],produces=[],custom=[]}" onto public com.fun.util.msg.ResultMsg com.fun.body.user.controller.LoginController.login(java.lang.String,java.lang.String,javax.servlet.http.HttpServletRequest)
  [INFO] [2018-04-11 22:32:56][org.springframework.web.servlet.mvc.method.annotation.RequestMappingHandlerMapping]Mapped "{[/user/showUser],methods=[],params=[],headers=[],consumes=[],produces=[],custom=[]}" onto public java.lang.String com.fun.body.user.controller.UserController.toIndex(javax.servlet.http.HttpServletRequest,org.springframework.ui.Model)
  [INFO] [2018-04-11 22:32:56][org.springframework.web.servlet.DispatcherServlet]FrameworkServlet 'SpringMVC': initialization completed in 388 ms
  [INFO] [2018-04-11 22:33:22][org.springframework.web.context.ContextLoader]Root WebApplicationContext: initialization started
  [INFO] [2018-04-11 22:33:22][org.springframework.web.context.support.XmlWebApplicationContext]Refreshing Root WebApplicationContext: startup date [Wed Apr 11 22:33:22 GMT+08:00 2018]; root of context hierarchy
  [INFO] [2018-04-11 22:33:22][org.springframework.beans.factory.xml.XmlBeanDefinitionReader]Loading XML bean definitions from class path resource [spring-mybatis.xml]
  [INFO] [2018-04-11 22:33:22][org.springframework.context.support.PropertySourcesPlaceholderConfigurer]Loading properties file from class path resource [jdbc.properties]
  [INFO] [2018-04-11 22:33:22][org.springframework.beans.factory.annotation.AutowiredAnnotationBeanPostProcessor]JSR-330 'javax.inject.Inject' annotation found and supported for autowiring
  [INFO] [2018-04-11 22:33:23][org.springframework.web.context.ContextLoader]Root WebApplicationContext: initialization completed in 409 ms
  [INFO] [2018-04-11 22:33:23][org.springframework.web.servlet.DispatcherServlet]FrameworkServlet 'SpringMVC': initialization started
  [INFO] [2018-04-11 22:33:23][org.springframework.web.context.support.XmlWebApplicationContext]Refreshing WebApplicationContext for namespace 'SpringMVC-servlet': startup date [Wed Apr 11 22:33:23 GMT+08:00 2018]; parent: Root WebApplicationContext
  [INFO] [2018-04-11 22:33:23][org.springframework.beans.factory.xml.XmlBeanDefinitionReader]Loading XML bean definitions from class path resource [spring-mvc.xml]
  [INFO] [2018-04-11 22:33:23][org.springframework.beans.factory.annotation.AutowiredAnnotationBeanPostProcessor]JSR-330 'javax.inject.Inject' annotation found and supported for autowiring
  [INFO] [2018-04-11 22:33:23][org.springframework.web.servlet.handler.SimpleUrlHandlerMapping]Mapped URL path [/static/**] onto handler 'org.springframework.web.servlet.resource.ResourceHttpRequestHandler#0'
  [INFO] [2018-04-11 22:33:23][org.springframework.web.servlet.handler.SimpleUrlHandlerMapping]Mapped URL path [/view/**] onto handler 'org.springframework.web.servlet.resource.ResourceHttpRequestHandler#1'
  [INFO] [2018-04-11 22:33:23][org.springframework.web.servlet.mvc.method.annotation.RequestMappingHandlerMapping]Mapped "{[/login/register],methods=[],params=[],headers=[],consumes=[],produces=[],custom=[]}" onto public com.fun.util.msg.ResultMsg com.fun.body.user.controller.LoginController.register(java.lang.String,java.lang.String)
  [INFO] [2018-04-11 22:33:23][org.springframework.web.servlet.mvc.method.annotation.RequestMappingHandlerMapping]Mapped "{[/login/test],methods=[],params=[],headers=[],consumes=[],produces=[],custom=[]}" onto public com.fun.util.msg.ResultMsg com.fun.body.user.controller.LoginController.test()
  [INFO] [2018-04-11 22:33:23][org.springframework.web.servlet.mvc.method.annotation.RequestMappingHandlerMapping]Mapped "{[/login/signIn],methods=[],params=[],headers=[],consumes=[],produces=[],custom=[]}" onto public com.fun.util.msg.ResultMsg com.fun.body.user.controller.LoginController.login(java.lang.String,java.lang.String,javax.servlet.http.HttpServletRequest)
  [INFO] [2018-04-11 22:33:23][org.springframework.web.servlet.mvc.method.annotation.RequestMappingHandlerMapping]Mapped "{[/login/userIdRepeat],methods=[],params=[],headers=[],consumes=[],produces=[],custom=[]}" onto public com.fun.util.msg.ResultMsg com.fun.body.user.controller.LoginController.userIdRepeat(java.lang.String)
  [INFO] [2018-04-11 22:33:23][org.springframework.web.servlet.mvc.method.annotation.RequestMappingHandlerMapping]Mapped "{[/login/alterPassWord],methods=[],params=[],headers=[],consumes=[],produces=[],custom=[]}" onto public com.fun.util.msg.ResultMsg com.fun.body.user.controller.LoginController.alterPassWord(java.lang.String,java.lang.String)
  [INFO] [2018-04-11 22:33:23][org.springframework.web.servlet.mvc.method.annotation.RequestMappingHandlerMapping]Mapped "{[/user/showUser],methods=[],params=[],headers=[],consumes=[],produces=[],custom=[]}" onto public java.lang.String com.fun.body.user.controller.UserController.toIndex(javax.servlet.http.HttpServletRequest,org.springframework.ui.Model)
  [INFO] [2018-04-11 22:33:23][org.springframework.web.servlet.DispatcherServlet]FrameworkServlet 'SpringMVC': initialization completed in 538 ms
  [INFO] [2018-04-11 22:34:39][org.springframework.web.context.support.XmlWebApplicationContext]Closing WebApplicationContext for namespace 'SpringMVC-servlet': startup date [Wed Apr 11 22:33:23 GMT+08:00 2018]; parent: Root WebApplicationContext
  [INFO] [2018-04-11 22:34:39][org.springframework.web.context.support.XmlWebApplicationContext]Closing Root WebApplicationContext: startup date [Wed Apr 11 22:33:22 GMT+08:00 2018]; root of context hierarchy
  [INFO] [2018-04-11 22:34:41][org.springframework.web.context.ContextLoader]Root WebApplicationContext: initialization started
  [INFO] [2018-04-11 22:34:41][org.springframework.web.context.support.XmlWebApplicationContext]Refreshing Root WebApplicationContext: startup date [Wed Apr 11 22:34:41 GMT+08:00 2018]; root of context hierarchy
  [INFO] [2018-04-11 22:34:41][org.springframework.beans.factory.xml.XmlBeanDefinitionReader]Loading XML bean definitions from class path resource [spring-mybatis.xml]
  [INFO] [2018-04-11 22:34:41][org.springframework.context.support.PropertySourcesPlaceholderConfigurer]Loading properties file from class path resource [jdbc.properties]
  [INFO] [2018-04-11 22:34:41][org.springframework.beans.factory.annotation.AutowiredAnnotationBeanPostProcessor]JSR-330 'javax.inject.Inject' annotation found and supported for autowiring
  [INFO] [2018-04-11 22:34:42][org.springframework.web.context.ContextLoader]Root WebApplicationContext: initialization completed in 373 ms
  [INFO] [2018-04-11 22:34:42][org.springframework.web.servlet.DispatcherServlet]FrameworkServlet 'SpringMVC': initialization started
  [INFO] [2018-04-11 22:34:42][org.springframework.web.context.support.XmlWebApplicationContext]Refreshing WebApplicationContext for namespace 'SpringMVC-servlet': startup date [Wed Apr 11 22:34:42 GMT+08:00 2018]; parent: Root WebApplicationContext
  [INFO] [2018-04-11 22:34:42][org.springframework.beans.factory.xml.XmlBeanDefinitionReader]Loading XML bean definitions from class path resource [spring-mvc.xml]
  [INFO] [2018-04-11 22:34:42][org.springframework.beans.factory.annotation.AutowiredAnnotationBeanPostProcessor]JSR-330 'javax.inject.Inject' annotation found and supported for autowiring
  [INFO] [2018-04-11 22:34:42][org.springframework.web.servlet.handler.SimpleUrlHandlerMapping]Mapped URL path [/static/**] onto handler 'org.springframework.web.servlet.resource.ResourceHttpRequestHandler#0'
  [INFO] [2018-04-11 22:34:42][org.springframework.web.servlet.handler.SimpleUrlHandlerMapping]Mapped URL path [/view/**] onto handler 'org.springframework.web.servlet.resource.ResourceHttpRequestHandler#1'
  [INFO] [2018-04-11 22:34:42][org.springframework.web.servlet.mvc.method.annotation.RequestMappingHandlerMapping]Mapped "{[/login/register],methods=[],params=[],headers=[],consumes=[],produces=[],custom=[]}" onto public com.fun.util.msg.ResultMsg com.fun.body.user.controller.LoginController.register(java.lang.String,java.lang.String)
  [INFO] [2018-04-11 22:34:42][org.springframework.web.servlet.mvc.method.annotation.RequestMappingHandlerMapping]Mapped "{[/login/test],methods=[],params=[],headers=[],consumes=[],produces=[],custom=[]}" onto public com.fun.util.msg.ResultMsg com.fun.body.user.controller.LoginController.test()
  [INFO] [2018-04-11 22:34:42][org.springframework.web.servlet.mvc.method.annotation.RequestMappingHandlerMapping]Mapped "{[/login/signIn],methods=[],params=[],headers=[],consumes=[],produces=[],custom=[]}" onto public com.fun.util.msg.ResultMsg com.fun.body.user.controller.LoginController.login(java.lang.String,java.lang.String,javax.servlet.http.HttpServletRequest)
  [INFO] [2018-04-11 22:34:42][org.springframework.web.servlet.mvc.method.annotation.RequestMappingHandlerMapping]Mapped "{[/login/userIdRepeat],methods=[],params=[],headers=[],consumes=[],produces=[],custom=[]}" onto public com.fun.util.msg.ResultMsg com.fun.body.user.controller.LoginController.userIdRepeat(java.lang.String)
  [INFO] [2018-04-11 22:34:42][org.springframework.web.servlet.mvc.method.annotation.RequestMappingHandlerMapping]Mapped "{[/login/alterPassWord],methods=[],params=[],headers=[],consumes=[],produces=[],custom=[]}" onto public com.fun.util.msg.ResultMsg com.fun.body.user.controller.LoginController.alterPassWord(java.lang.String,java.lang.String)
  [INFO] [2018-04-11 22:34:42][org.springframework.web.servlet.mvc.method.annotation.RequestMappingHandlerMapping]Mapped "{[/user/showUser],methods=[],params=[],headers=[],consumes=[],produces=[],custom=[]}" onto public java.lang.String com.fun.body.user.controller.UserController.toIndex(javax.servlet.http.HttpServletRequest,org.springframework.ui.Model)
  [INFO] [2018-04-11 22:34:42][org.springframework.web.servlet.DispatcherServlet]FrameworkServlet 'SpringMVC': initialization completed in 433 ms
  [INFO] [2018-04-11 22:34:50][org.springframework.web.context.support.XmlWebApplicationContext]Closing WebApplicationContext for namespace 'SpringMVC-servlet': startup date [Wed Apr 11 22:34:42 GMT+08:00 2018]; parent: Root WebApplicationContext
  [INFO] [2018-04-11 22:34:50][org.springframework.web.context.support.XmlWebApplicationContext]Closing Root WebApplicationContext: startup date [Wed Apr 11 22:34:41 GMT+08:00 2018]; root of context hierarchy
  [INFO] [2018-04-11 22:34:51][org.springframework.web.context.ContextLoader]Root WebApplicationContext: initialization started
  [INFO] [2018-04-11 22:34:51][org.springframework.web.context.support.XmlWebApplicationContext]Refreshing Root WebApplicationContext: startup date [Wed Apr 11 22:34:51 GMT+08:00 2018]; root of context hierarchy
  [INFO] [2018-04-11 22:34:51][org.springframework.beans.factory.xml.XmlBeanDefinitionReader]Loading XML bean definitions from class path resource [spring-mybatis.xml]
  [INFO] [2018-04-11 22:34:51][org.springframework.context.support.PropertySourcesPlaceholderConfigurer]Loading properties file from class path resource [jdbc.properties]
  [INFO] [2018-04-11 22:34:51][org.springframework.beans.factory.annotation.AutowiredAnnotationBeanPostProcessor]JSR-330 'javax.inject.Inject' annotation found and supported for autowiring
  [INFO] [2018-04-11 22:34:51][org.springframework.web.context.ContextLoader]Root WebApplicationContext: initialization completed in 286 ms
  [INFO] [2018-04-11 22:34:51][org.springframework.web.servlet.DispatcherServlet]FrameworkServlet 'SpringMVC': initialization started
  [INFO] [2018-04-11 22:34:51][org.springframework.web.context.support.XmlWebApplicationContext]Refreshing WebApplicationContext for namespace 'SpringMVC-servlet': startup date [Wed Apr 11 22:34:51 GMT+08:00 2018]; parent: Root WebApplicationContext
  [INFO] [2018-04-11 22:34:51][org.springframework.beans.factory.xml.XmlBeanDefinitionReader]Loading XML bean definitions from class path resource [spring-mvc.xml]
  [INFO] [2018-04-11 22:34:51][org.springframework.beans.factory.annotation.AutowiredAnnotationBeanPostProcessor]JSR-330 'javax.inject.Inject' annotation found and supported for autowiring
  [INFO] [2018-04-11 22:34:52][org.springframework.web.servlet.handler.SimpleUrlHandlerMapping]Mapped URL path [/static/**] onto handler 'org.springframework.web.servlet.resource.ResourceHttpRequestHandler#0'
  [INFO] [2018-04-11 22:34:52][org.springframework.web.servlet.handler.SimpleUrlHandlerMapping]Mapped URL path [/view/**] onto handler 'org.springframework.web.servlet.resource.ResourceHttpRequestHandler#1'
  [INFO] [2018-04-11 22:34:52][org.springframework.web.servlet.mvc.method.annotation.RequestMappingHandlerMapping]Mapped "{[/login/register],methods=[],params=[],headers=[],consumes=[],produces=[],custom=[]}" onto public com.fun.util.msg.ResultMsg com.fun.body.user.controller.LoginController.register(java.lang.String,java.lang.String)
  [INFO] [2018-04-11 22:34:52][org.springframework.web.servlet.mvc.method.annotation.RequestMappingHandlerMapping]Mapped "{[/login/test],methods=[],params=[],headers=[],consumes=[],produces=[],custom=[]}" onto public com.fun.util.msg.ResultMsg com.fun.body.user.controller.LoginController.test()
  [INFO] [2018-04-11 22:34:52][org.springframework.web.servlet.mvc.method.annotation.RequestMappingHandlerMapping]Mapped "{[/login/signIn],methods=[],params=[],headers=[],consumes=[],produces=[],custom=[]}" onto public com.fun.util.msg.ResultMsg com.fun.body.user.controller.LoginController.login(java.lang.String,java.lang.String,javax.servlet.http.HttpServletRequest)
  [INFO] [2018-04-11 22:34:52][org.springframework.web.servlet.mvc.method.annotation.RequestMappingHandlerMapping]Mapped "{[/login/userIdRepeat],methods=[],params=[],headers=[],consumes=[],produces=[],custom=[]}" onto public com.fun.util.msg.ResultMsg com.fun.body.user.controller.LoginController.userIdRepeat(java.lang.String)
  [INFO] [2018-04-11 22:34:52][org.springframework.web.servlet.mvc.method.annotation.RequestMappingHandlerMapping]Mapped "{[/login/alterPassWord],methods=[],params=[],headers=[],consumes=[],produces=[],custom=[]}" onto public com.fun.util.msg.ResultMsg com.fun.body.user.controller.LoginController.alterPassWord(java.lang.String,java.lang.String)
  [INFO] [2018-04-11 22:34:52][org.springframework.web.servlet.mvc.method.annotation.RequestMappingHandlerMapping]Mapped "{[/user/showUser],methods=[],params=[],headers=[],consumes=[],produces=[],custom=[]}" onto public java.lang.String com.fun.body.user.controller.UserController.toIndex(javax.servlet.http.HttpServletRequest,org.springframework.ui.Model)
  [INFO] [2018-04-11 22:34:52][org.springframework.web.servlet.DispatcherServlet]FrameworkServlet 'SpringMVC': initialization completed in 408 ms
  [WARN] [2018-04-11 22:34:53][org.springframework.web.servlet.PageNotFound]No mapping found for HTTP request with URI [/webm/] in DispatcherServlet with name 'SpringMVC'
  [INFO] [2018-04-11 22:35:12][org.springframework.web.context.ContextLoader]Root WebApplicationContext: initialization started
  [INFO] [2018-04-11 22:35:12][org.springframework.web.context.support.XmlWebApplicationContext]Refreshing Root WebApplicationContext: startup date [Wed Apr 11 22:35:12 GMT+08:00 2018]; root of context hierarchy
  [INFO] [2018-04-11 22:35:12][org.springframework.beans.factory.xml.XmlBeanDefinitionReader]Loading XML bean definitions from class path resource [spring-mybatis.xml]
  [INFO] [2018-04-11 22:35:12][org.springframework.context.support.PropertySourcesPlaceholderConfigurer]Loading properties file from class path resource [jdbc.properties]
  [INFO] [2018-04-11 22:35:12][org.springframework.beans.factory.annotation.AutowiredAnnotationBeanPostProcessor]JSR-330 'javax.inject.Inject' annotation found and supported for autowiring
  [INFO] [2018-04-11 22:35:13][org.springframework.web.context.ContextLoader]Root WebApplicationContext: initialization completed in 393 ms
  [INFO] [2018-04-11 22:35:13][org.springframework.web.servlet.DispatcherServlet]FrameworkServlet 'SpringMVC': initialization started
  [INFO] [2018-04-11 22:35:13][org.springframework.web.context.support.XmlWebApplicationContext]Refreshing WebApplicationContext for namespace 'SpringMVC-servlet': startup date [Wed Apr 11 22:35:13 GMT+08:00 2018]; parent: Root WebApplicationContext
  [INFO] [2018-04-11 22:35:13][org.springframework.beans.factory.xml.XmlBeanDefinitionReader]Loading XML bean definitions from class path resource [spring-mvc.xml]
  [INFO] [2018-04-11 22:35:13][org.springframework.beans.factory.annotation.AutowiredAnnotationBeanPostProcessor]JSR-330 'javax.inject.Inject' annotation found and supported for autowiring
  [INFO] [2018-04-11 22:35:13][org.springframework.web.servlet.handler.SimpleUrlHandlerMapping]Mapped URL path [/static/**] onto handler 'org.springframework.web.servlet.resource.ResourceHttpRequestHandler#0'
  [INFO] [2018-04-11 22:35:13][org.springframework.web.servlet.handler.SimpleUrlHandlerMapping]Mapped URL path [/view/**] onto handler 'org.springframework.web.servlet.resource.ResourceHttpRequestHandler#1'
  [INFO] [2018-04-11 22:35:13][org.springframework.web.servlet.mvc.method.annotation.RequestMappingHandlerMapping]Mapped "{[/login/register],methods=[],params=[],headers=[],consumes=[],produces=[],custom=[]}" onto public com.fun.util.msg.ResultMsg com.fun.body.user.controller.LoginController.register(java.lang.String,java.lang.String)
  [INFO] [2018-04-11 22:35:13][org.springframework.web.servlet.mvc.method.annotation.RequestMappingHandlerMapping]Mapped "{[/login/test],methods=[],params=[],headers=[],consumes=[],produces=[],custom=[]}" onto public com.fun.util.msg.ResultMsg com.fun.body.user.controller.LoginController.test()
  [INFO] [2018-04-11 22:35:13][org.springframework.web.servlet.mvc.method.annotation.RequestMappingHandlerMapping]Mapped "{[/login/userIdRepeat],methods=[],params=[],headers=[],consumes=[],produces=[],custom=[]}" onto public com.fun.util.msg.ResultMsg com.fun.body.user.controller.LoginController.userIdRepeat(java.lang.String)
  [INFO] [2018-04-11 22:35:13][org.springframework.web.servlet.mvc.method.annotation.RequestMappingHandlerMapping]Mapped "{[/login/alterPassWord],methods=[],params=[],headers=[],consumes=[],produces=[],custom=[]}" onto public com.fun.util.msg.ResultMsg com.fun.body.user.controller.LoginController.alterPassWord(java.lang.String,java.lang.String)
  [INFO] [2018-04-11 22:35:13][org.springframework.web.servlet.mvc.method.annotation.RequestMappingHandlerMapping]Mapped "{[/login/signIn],methods=[],params=[],headers=[],consumes=[],produces=[],custom=[]}" onto public com.fun.util.msg.ResultMsg com.fun.body.user.controller.LoginController.login(java.lang.String,java.lang.String,javax.servlet.http.HttpServletRequest)
  [INFO] [2018-04-11 22:35:13][org.springframework.web.servlet.mvc.method.annotation.RequestMappingHandlerMapping]Mapped "{[/user/showUser],methods=[],params=[],headers=[],consumes=[],produces=[],custom=[]}" onto public java.lang.String com.fun.body.user.controller.UserController.toIndex(javax.servlet.http.HttpServletRequest,org.springframework.ui.Model)
  [INFO] [2018-04-11 22:35:13][org.springframework.web.servlet.DispatcherServlet]FrameworkServlet 'SpringMVC': initialization completed in 501 ms
  [WARN] [2018-04-11 22:35:24][org.springframework.web.servlet.PageNotFound]No mapping found for HTTP request with URI [/TrioMvc/] in DispatcherServlet with name 'SpringMVC'
  [WARN] [2018-04-11 22:39:09][org.springframework.web.servlet.PageNotFound]No mapping found for HTTP request with URI [/TrioMvc/login] in DispatcherServlet with name 'SpringMVC'
  [INFO] [2018-04-11 22:39:57][org.springframework.web.context.support.XmlWebApplicationContext]Closing WebApplicationContext for namespace 'SpringMVC-servlet': startup date [Wed Apr 11 22:35:13 GMT+08:00 2018]; parent: Root WebApplicationContext
  [INFO] [2018-04-11 22:39:57][org.springframework.web.context.support.XmlWebApplicationContext]Closing Root WebApplicationContext: startup date [Wed Apr 11 22:35:12 GMT+08:00 2018]; root of context hierarchy
  [INFO] [2018-04-11 22:39:58][org.springframework.web.context.ContextLoader]Root WebApplicationContext: initialization started
  [INFO] [2018-04-11 22:39:58][org.springframework.web.context.support.XmlWebApplicationContext]Refreshing Root WebApplicationContext: startup date [Wed Apr 11 22:39:58 GMT+08:00 2018]; root of context hierarchy
  [INFO] [2018-04-11 22:39:58][org.springframework.beans.factory.xml.XmlBeanDefinitionReader]Loading XML bean definitions from class path resource [spring-mybatis.xml]
  [INFO] [2018-04-11 22:39:59][org.springframework.context.support.PropertySourcesPlaceholderConfigurer]Loading properties file from class path resource [jdbc.properties]
  [INFO] [2018-04-11 22:39:59][org.springframework.beans.factory.annotation.AutowiredAnnotationBeanPostProcessor]JSR-330 'javax.inject.Inject' annotation found and supported for autowiring
  [INFO] [2018-04-11 22:39:59][org.springframework.web.context.ContextLoader]Root WebApplicationContext: initialization completed in 329 ms
  [INFO] [2018-04-11 22:39:59][org.springframework.web.servlet.DispatcherServlet]FrameworkServlet 'SpringMVC': initialization started
  [INFO] [2018-04-11 22:39:59][org.springframework.web.context.support.XmlWebApplicationContext]Refreshing WebApplicationContext for namespace 'SpringMVC-servlet': startup date [Wed Apr 11 22:39:59 GMT+08:00 2018]; parent: Root WebApplicationContext
  [INFO] [2018-04-11 22:39:59][org.springframework.beans.factory.xml.XmlBeanDefinitionReader]Loading XML bean definitions from class path resource [spring-mvc.xml]
  [INFO] [2018-04-11 22:39:59][org.springframework.beans.factory.annotation.AutowiredAnnotationBeanPostProcessor]JSR-330 'javax.inject.Inject' annotation found and supported for autowiring
  [INFO] [2018-04-11 22:39:59][org.springframework.web.servlet.handler.SimpleUrlHandlerMapping]Mapped URL path [/static/**] onto handler 'org.springframework.web.servlet.resource.ResourceHttpRequestHandler#0'
  [INFO] [2018-04-11 22:39:59][org.springframework.web.servlet.handler.SimpleUrlHandlerMapping]Mapped URL path [/view/**] onto handler 'org.springframework.web.servlet.resource.ResourceHttpRequestHandler#1'
  [INFO] [2018-04-11 22:39:59][org.springframework.web.servlet.mvc.method.annotation.RequestMappingHandlerMapping]Mapped "{[/login/register],methods=[],params=[],headers=[],consumes=[],produces=[],custom=[]}" onto public com.fun.util.msg.ResultMsg com.fun.body.user.controller.LoginController.register(java.lang.String,java.lang.String)
  [INFO] [2018-04-11 22:39:59][org.springframework.web.servlet.mvc.method.annotation.RequestMappingHandlerMapping]Mapped "{[/login/test],methods=[],params=[],headers=[],consumes=[],produces=[],custom=[]}" onto public com.fun.util.msg.ResultMsg com.fun.body.user.controller.LoginController.test()
  [INFO] [2018-04-11 22:39:59][org.springframework.web.servlet.mvc.method.annotation.RequestMappingHandlerMapping]Mapped "{[/login/userIdRepeat],methods=[],params=[],headers=[],consumes=[],produces=[],custom=[]}" onto public com.fun.util.msg.ResultMsg com.fun.body.user.controller.LoginController.userIdRepeat(java.lang.String)
  [INFO] [2018-04-11 22:39:59][org.springframework.web.servlet.mvc.method.annotation.RequestMappingHandlerMapping]Mapped "{[/login/alterPassWord],methods=[],params=[],headers=[],consumes=[],produces=[],custom=[]}" onto public com.fun.util.msg.ResultMsg com.fun.body.user.controller.LoginController.alterPassWord(java.lang.String,java.lang.String)
  [INFO] [2018-04-11 22:39:59][org.springframework.web.servlet.mvc.method.annotation.RequestMappingHandlerMapping]Mapped "{[/login/signIn],methods=[],params=[],headers=[],consumes=[],produces=[],custom=[]}" onto public com.fun.util.msg.ResultMsg com.fun.body.user.controller.LoginController.login(java.lang.String,java.lang.String,javax.servlet.http.HttpServletRequest)
  [INFO] [2018-04-11 22:39:59][org.springframework.web.servlet.mvc.method.annotation.RequestMappingHandlerMapping]Mapped "{[/user/showUser],methods=[],params=[],headers=[],consumes=[],produces=[],custom=[]}" onto public java.lang.String com.fun.body.user.controller.UserController.toIndex(javax.servlet.http.HttpServletRequest,org.springframework.ui.Model)
  [INFO] [2018-04-11 22:39:59][org.springframework.web.servlet.DispatcherServlet]FrameworkServlet 'SpringMVC': initialization completed in 458 ms
  [WARN] [2018-04-11 22:40:34][org.springframework.web.servlet.PageNotFound]No mapping found for HTTP request with URI [/TrioMvc/login/signin] in DispatcherServlet with name 'SpringMVC'
  [INFO] [2018-04-11 23:41:38][org.springframework.web.context.support.XmlWebApplicationContext]Closing WebApplicationContext for namespace 'SpringMVC-servlet': startup date [Wed Apr 11 22:39:59 GMT+08:00 2018]; parent: Root WebApplicationContext
  [INFO] [2018-04-11 23:41:38][org.springframework.web.context.support.XmlWebApplicationContext]Closing Root WebApplicationContext: startup date [Wed Apr 11 22:39:58 GMT+08:00 2018]; root of context hierarchy
  [INFO] [2018-04-11 23:41:40][org.springframework.web.context.ContextLoader]Root WebApplicationContext: initialization started
  [INFO] [2018-04-11 23:41:40][org.springframework.web.context.support.XmlWebApplicationContext]Refreshing Root WebApplicationContext: startup date [Wed Apr 11 23:41:40 GMT+08:00 2018]; root of context hierarchy
  [INFO] [2018-04-11 23:41:40][org.springframework.beans.factory.xml.XmlBeanDefinitionReader]Loading XML bean definitions from class path resource [spring-mybatis.xml]
  [INFO] [2018-04-11 23:41:40][org.springframework.context.support.PropertySourcesPlaceholderConfigurer]Loading properties file from class path resource [jdbc.properties]
  [INFO] [2018-04-11 23:41:40][org.springframework.beans.factory.annotation.AutowiredAnnotationBeanPostProcessor]JSR-330 'javax.inject.Inject' annotation found and supported for autowiring
  [INFO] [2018-04-11 23:41:40][org.springframework.web.context.ContextLoader]Root WebApplicationContext: initialization completed in 284 ms
  [INFO] [2018-04-11 23:41:40][org.springframework.web.servlet.DispatcherServlet]FrameworkServlet 'SpringMVC': initialization started
  [INFO] [2018-04-11 23:41:40][org.springframework.web.context.support.XmlWebApplicationContext]Refreshing WebApplicationContext for namespace 'SpringMVC-servlet': startup date [Wed Apr 11 23:41:40 GMT+08:00 2018]; parent: Root WebApplicationContext
  [INFO] [2018-04-11 23:41:40][org.springframework.beans.factory.xml.XmlBeanDefinitionReader]Loading XML bean definitions from class path resource [spring-mvc.xml]
  [INFO] [2018-04-11 23:41:40][org.springframework.beans.factory.annotation.AutowiredAnnotationBeanPostProcessor]JSR-330 'javax.inject.Inject' annotation found and supported for autowiring
  [INFO] [2018-04-11 23:41:40][org.springframework.web.servlet.handler.SimpleUrlHandlerMapping]Mapped URL path [/static/**] onto handler 'org.springframework.web.servlet.resource.ResourceHttpRequestHandler#0'
  [INFO] [2018-04-11 23:41:40][org.springframework.web.servlet.handler.SimpleUrlHandlerMapping]Mapped URL path [/view/**] onto handler 'org.springframework.web.servlet.resource.ResourceHttpRequestHandler#1'
  [INFO] [2018-04-11 23:41:41][org.springframework.web.servlet.mvc.method.annotation.RequestMappingHandlerMapping]Mapped "{[/login/register],methods=[],params=[],headers=[],consumes=[],produces=[],custom=[]}" onto public com.fun.util.msg.ResultMsg com.fun.body.user.controller.LoginController.register(java.lang.String,java.lang.String)
  [INFO] [2018-04-11 23:41:41][org.springframework.web.servlet.mvc.method.annotation.RequestMappingHandlerMapping]Mapped "{[/login/test],methods=[],params=[],headers=[],consumes=[],produces=[],custom=[]}" onto public com.fun.util.msg.ResultMsg com.fun.body.user.controller.LoginController.test()
  [INFO] [2018-04-11 23:41:41][org.springframework.web.servlet.mvc.method.annotation.RequestMappingHandlerMapping]Mapped "{[/login/userIdRepeat],methods=[],params=[],headers=[],consumes=[],produces=[],custom=[]}" onto public com.fun.util.msg.ResultMsg com.fun.body.user.controller.LoginController.userIdRepeat(java.lang.String)
  [INFO] [2018-04-11 23:41:41][org.springframework.web.servlet.mvc.method.annotation.RequestMappingHandlerMapping]Mapped "{[/login/alterPassWord],methods=[],params=[],headers=[],consumes=[],produces=[],custom=[]}" onto public com.fun.util.msg.ResultMsg com.fun.body.user.controller.LoginController.alterPassWord(java.lang.String,java.lang.String)
  [INFO] [2018-04-11 23:41:41][org.springframework.web.servlet.mvc.method.annotation.RequestMappingHandlerMapping]Mapped "{[/login/signIn],methods=[],params=[],headers=[],consumes=[],produces=[],custom=[]}" onto public com.fun.util.msg.ResultMsg com.fun.body.user.controller.LoginController.login(java.lang.String,java.lang.String,javax.servlet.http.HttpServletRequest)
  [INFO] [2018-04-11 23:41:41][org.springframework.web.servlet.mvc.method.annotation.RequestMappingHandlerMapping]Mapped "{[/user/showUser],methods=[],params=[],headers=[],consumes=[],produces=[],custom=[]}" onto public java.lang.String com.fun.body.user.controller.UserController.toIndex(javax.servlet.http.HttpServletRequest,org.springframework.ui.Model)
  [INFO] [2018-04-11 23:41:41][org.springframework.web.servlet.DispatcherServlet]FrameworkServlet 'SpringMVC': initialization completed in 398 ms
  [INFO] [2018-06-07 15:17:16][org.springframework.web.context.ContextLoader]Root WebApplicationContext: initialization started
  [INFO] [2018-06-07 15:17:16][org.springframework.web.context.support.XmlWebApplicationContext]Refreshing Root WebApplicationContext: startup date [Thu Jun 07 15:17:16 GMT+08:00 2018]; root of context hierarchy
  [INFO] [2018-06-07 15:17:16][org.springframework.beans.factory.xml.XmlBeanDefinitionReader]Loading XML bean definitions from class path resource [spring-mybatis.xml]
  [INFO] [2018-06-07 15:17:17][org.springframework.context.support.PropertySourcesPlaceholderConfigurer]Loading properties file from class path resource [jdbc.properties]
  [INFO] [2018-06-07 15:17:17][org.springframework.beans.factory.annotation.AutowiredAnnotationBeanPostProcessor]JSR-330 'javax.inject.Inject' annotation found and supported for autowiring
  [INFO] [2018-06-07 15:17:17][org.springframework.web.context.ContextLoader]Root WebApplicationContext: initialization completed in 730 ms
  [INFO] [2018-06-07 15:17:17][org.springframework.web.servlet.DispatcherServlet]FrameworkServlet 'SpringMVC': initialization started
  [INFO] [2018-06-07 15:17:17][org.springframework.web.context.support.XmlWebApplicationContext]Refreshing WebApplicationContext for namespace 'SpringMVC-servlet': startup date [Thu Jun 07 15:17:17 GMT+08:00 2018]; parent: Root WebApplicationContext
  [INFO] [2018-06-07 15:17:17][org.springframework.beans.factory.xml.XmlBeanDefinitionReader]Loading XML bean definitions from class path resource [spring-mvc.xml]
  [INFO] [2018-06-07 15:17:17][org.springframework.beans.factory.annotation.AutowiredAnnotationBeanPostProcessor]JSR-330 'javax.inject.Inject' annotation found and supported for autowiring
  [INFO] [2018-06-07 15:17:17][org.springframework.web.servlet.handler.SimpleUrlHandlerMapping]Mapped URL path [/static/**] onto handler 'org.springframework.web.servlet.resource.ResourceHttpRequestHandler#0'
  [INFO] [2018-06-07 15:17:17][org.springframework.web.servlet.handler.SimpleUrlHandlerMapping]Mapped URL path [/view/**] onto handler 'org.springframework.web.servlet.resource.ResourceHttpRequestHandler#1'
  [INFO] [2018-06-07 15:17:17][org.springframework.web.servlet.mvc.method.annotation.RequestMappingHandlerMapping]Mapped "{[/login/userInfo],methods=[],params=[],headers=[],consumes=[],produces=[],custom=[]}" onto public com.fun.util.msg.ResultMsg com.fun.body.all.controller.LoginController.getUserInfo(javax.servlet.http.HttpServletRequest,java.lang.String)
  [INFO] [2018-06-07 15:17:17][org.springframework.web.servlet.mvc.method.annotation.RequestMappingHandlerMapping]Mapped "{[/login/regist],methods=[],params=[],headers=[],consumes=[],produces=[],custom=[]}" onto public com.fun.util.msg.ResultMsg com.fun.body.all.controller.LoginController.register(javax.servlet.http.HttpServletRequest,java.lang.String,java.lang.String)
  [INFO] [2018-06-07 15:17:17][org.springframework.web.servlet.mvc.method.annotation.RequestMappingHandlerMapping]Mapped "{[/login/login],methods=[],params=[],headers=[],consumes=[],produces=[],custom=[]}" onto public com.fun.util.msg.ResultMsg com.fun.body.all.controller.LoginController.login(javax.servlet.http.HttpServletRequest,java.lang.String,java.lang.String)
  [INFO] [2018-06-07 15:17:17][org.springframework.web.servlet.mvc.method.annotation.RequestMappingHandlerMapping]Mapped "{[/login/checkUserName],methods=[],params=[],headers=[],consumes=[],produces=[],custom=[]}" onto public com.fun.util.msg.ResultMsg com.fun.body.all.controller.LoginController.regist(java.lang.String)
  [INFO] [2018-06-07 15:17:17][org.springframework.web.servlet.mvc.method.annotation.RequestMappingHandlerMapping]Mapped "{[/login/changePassword],methods=[],params=[],headers=[],consumes=[],produces=[],custom=[]}" onto public com.fun.util.msg.ResultMsg com.fun.body.all.controller.LoginController.changePassword(javax.servlet.http.HttpServletRequest,java.lang.String,java.lang.String)
  [INFO] [2018-06-07 15:17:17][org.springframework.web.servlet.mvc.method.annotation.RequestMappingHandlerMapping]Mapped "{[/user/getUser],methods=[],params=[],headers=[],consumes=[],produces=[],custom=[]}" onto public com.fun.util.msg.ResultMsg com.fun.body.all.controller.UserController.getUser(javax.servlet.http.HttpServletRequest,java.lang.String)
  [INFO] [2018-06-07 15:17:18][org.springframework.web.servlet.DispatcherServlet]FrameworkServlet 'SpringMVC': initialization completed in 490 ms
  [INFO] [2018-06-07 15:21:13][org.springframework.web.context.ContextLoader]Root WebApplicationContext: initialization started
  [INFO] [2018-06-07 15:21:14][org.springframework.web.context.support.XmlWebApplicationContext]Refreshing Root WebApplicationContext: startup date [Thu Jun 07 15:21:14 GMT+08:00 2018]; root of context hierarchy
  [INFO] [2018-06-07 15:21:14][org.springframework.beans.factory.xml.XmlBeanDefinitionReader]Loading XML bean definitions from class path resource [spring-mybatis.xml]
  [INFO] [2018-06-07 15:21:14][org.springframework.context.support.PropertySourcesPlaceholderConfigurer]Loading properties file from class path resource [jdbc.properties]
  [INFO] [2018-06-07 15:21:14][org.springframework.beans.factory.annotation.AutowiredAnnotationBeanPostProcessor]JSR-330 'javax.inject.Inject' annotation found and supported for autowiring
  [INFO] [2018-06-07 15:21:14][org.springframework.web.context.ContextLoader]Root WebApplicationContext: initialization completed in 635 ms
  [INFO] [2018-06-07 15:21:14][org.springframework.web.servlet.DispatcherServlet]FrameworkServlet 'SpringMVC': initialization started
  [INFO] [2018-06-07 15:21:14][org.springframework.web.context.support.XmlWebApplicationContext]Refreshing WebApplicationContext for namespace 'SpringMVC-servlet': startup date [Thu Jun 07 15:21:14 GMT+08:00 2018]; parent: Root WebApplicationContext
  [INFO] [2018-06-07 15:21:14][org.springframework.beans.factory.xml.XmlBeanDefinitionReader]Loading XML bean definitions from class path resource [spring-mvc.xml]
  [INFO] [2018-06-07 15:21:14][org.springframework.beans.factory.annotation.AutowiredAnnotationBeanPostProcessor]JSR-330 'javax.inject.Inject' annotation found and supported for autowiring
  [INFO] [2018-06-07 15:21:14][org.springframework.web.servlet.handler.SimpleUrlHandlerMapping]Mapped URL path [/static/**] onto handler 'org.springframework.web.servlet.resource.ResourceHttpRequestHandler#0'
  [INFO] [2018-06-07 15:21:15][org.springframework.web.servlet.handler.SimpleUrlHandlerMapping]Mapped URL path [/view/**] onto handler 'org.springframework.web.servlet.resource.ResourceHttpRequestHandler#1'
  [INFO] [2018-06-07 15:21:15][org.springframework.web.servlet.mvc.method.annotation.RequestMappingHandlerMapping]Mapped "{[/login/userInfo],methods=[],params=[],headers=[],consumes=[],produces=[],custom=[]}" onto public com.fun.util.msg.ResultMsg com.fun.body.all.controller.LoginController.getUserInfo(javax.servlet.http.HttpServletRequest,java.lang.String)
  [INFO] [2018-06-07 15:21:15][org.springframework.web.servlet.mvc.method.annotation.RequestMappingHandlerMapping]Mapped "{[/login/regist],methods=[],params=[],headers=[],consumes=[],produces=[],custom=[]}" onto public com.fun.util.msg.ResultMsg com.fun.body.all.controller.LoginController.register(javax.servlet.http.HttpServletRequest,java.lang.String,java.lang.String)
  [INFO] [2018-06-07 15:21:15][org.springframework.web.servlet.mvc.method.annotation.RequestMappingHandlerMapping]Mapped "{[/login/checkUserName],methods=[],params=[],headers=[],consumes=[],produces=[],custom=[]}" onto public com.fun.util.msg.ResultMsg com.fun.body.all.controller.LoginController.regist(java.lang.String)
  [INFO] [2018-06-07 15:21:15][org.springframework.web.servlet.mvc.method.annotation.RequestMappingHandlerMapping]Mapped "{[/login/login],methods=[],params=[],headers=[],consumes=[],produces=[],custom=[]}" onto public com.fun.util.msg.ResultMsg com.fun.body.all.controller.LoginController.login(javax.servlet.http.HttpServletRequest,java.lang.String,java.lang.String)
  [INFO] [2018-06-07 15:21:15][org.springframework.web.servlet.mvc.method.annotation.RequestMappingHandlerMapping]Mapped "{[/login/changePassword],methods=[],params=[],headers=[],consumes=[],produces=[],custom=[]}" onto public com.fun.util.msg.ResultMsg com.fun.body.all.controller.LoginController.changePassword(javax.servlet.http.HttpServletRequest,java.lang.String,java.lang.String)
  [INFO] [2018-06-07 15:21:15][org.springframework.web.servlet.mvc.method.annotation.RequestMappingHandlerMapping]Mapped "{[/user/getUser],methods=[],params=[],headers=[],consumes=[],produces=[],custom=[]}" onto public com.fun.util.msg.ResultMsg com.fun.body.all.controller.UserController.getUser(javax.servlet.http.HttpServletRequest,java.lang.String)
  [INFO] [2018-06-07 15:21:15][org.springframework.web.servlet.DispatcherServlet]FrameworkServlet 'SpringMVC': initialization completed in 575 ms
  [INFO] [2018-06-07 15:24:35][org.springframework.web.context.ContextLoader]Root WebApplicationContext: initialization started
  [INFO] [2018-06-07 15:24:35][org.springframework.web.context.support.XmlWebApplicationContext]Refreshing Root WebApplicationContext: startup date [Thu Jun 07 15:24:35 GMT+08:00 2018]; root of context hierarchy
  [INFO] [2018-06-07 15:24:35][org.springframework.beans.factory.xml.XmlBeanDefinitionReader]Loading XML bean definitions from class path resource [spring-mybatis.xml]
  [INFO] [2018-06-07 15:24:35][org.springframework.context.support.PropertySourcesPlaceholderConfigurer]Loading properties file from class path resource [jdbc.properties]
  [INFO] [2018-06-07 15:24:35][org.springframework.beans.factory.annotation.AutowiredAnnotationBeanPostProcessor]JSR-330 'javax.inject.Inject' annotation found and supported for autowiring
  [INFO] [2018-06-07 15:24:36][org.springframework.web.context.ContextLoader]Root WebApplicationContext: initialization completed in 613 ms
  [INFO] [2018-06-07 15:24:36][org.springframework.web.servlet.DispatcherServlet]FrameworkServlet 'SpringMVC': initialization started
  [INFO] [2018-06-07 15:24:36][org.springframework.web.context.support.XmlWebApplicationContext]Refreshing WebApplicationContext for namespace 'SpringMVC-servlet': startup date [Thu Jun 07 15:24:36 GMT+08:00 2018]; parent: Root WebApplicationContext
  [INFO] [2018-06-07 15:24:36][org.springframework.beans.factory.xml.XmlBeanDefinitionReader]Loading XML bean definitions from class path resource [spring-mvc.xml]
  [INFO] [2018-06-07 15:24:36][org.springframework.beans.factory.annotation.AutowiredAnnotationBeanPostProcessor]JSR-330 'javax.inject.Inject' annotation found and supported for autowiring
  [INFO] [2018-06-07 15:24:36][org.springframework.web.servlet.handler.SimpleUrlHandlerMapping]Mapped URL path [/static/**] onto handler 'org.springframework.web.servlet.resource.ResourceHttpRequestHandler#0'
  [INFO] [2018-06-07 15:24:36][org.springframework.web.servlet.handler.SimpleUrlHandlerMapping]Mapped URL path [/view/**] onto handler 'org.springframework.web.servlet.resource.ResourceHttpRequestHandler#1'
  [INFO] [2018-06-07 15:24:36][org.springframework.web.servlet.mvc.method.annotation.RequestMappingHandlerMapping]Mapped "{[/login/userInfo],methods=[],params=[],headers=[],consumes=[],produces=[],custom=[]}" onto public com.fun.util.msg.ResultMsg com.fun.body.all.controller.LoginController.getUserInfo(javax.servlet.http.HttpServletRequest,java.lang.String)
  [INFO] [2018-06-07 15:24:36][org.springframework.web.servlet.mvc.method.annotation.RequestMappingHandlerMapping]Mapped "{[/login/regist],methods=[],params=[],headers=[],consumes=[],produces=[],custom=[]}" onto public com.fun.util.msg.ResultMsg com.fun.body.all.controller.LoginController.register(javax.servlet.http.HttpServletRequest,java.lang.String,java.lang.String)
  [INFO] [2018-06-07 15:24:36][org.springframework.web.servlet.mvc.method.annotation.RequestMappingHandlerMapping]Mapped "{[/login/checkUserName],methods=[],params=[],headers=[],consumes=[],produces=[],custom=[]}" onto public com.fun.util.msg.ResultMsg com.fun.body.all.controller.LoginController.regist(java.lang.String)
  [INFO] [2018-06-07 15:24:36][org.springframework.web.servlet.mvc.method.annotation.RequestMappingHandlerMapping]Mapped "{[/login/changePassword],methods=[],params=[],headers=[],consumes=[],produces=[],custom=[]}" onto public com.fun.util.msg.ResultMsg com.fun.body.all.controller.LoginController.changePassword(javax.servlet.http.HttpServletRequest,java.lang.String,java.lang.String)
  [INFO] [2018-06-07 15:24:36][org.springframework.web.servlet.mvc.method.annotation.RequestMappingHandlerMapping]Mapped "{[/login/login],methods=[],params=[],headers=[],consumes=[],produces=[],custom=[]}" onto public com.fun.util.msg.ResultMsg com.fun.body.all.controller.LoginController.login(javax.servlet.http.HttpServletRequest,java.lang.String,java.lang.String)
  [INFO] [2018-06-07 15:24:36][org.springframework.web.servlet.mvc.method.annotation.RequestMappingHandlerMapping]Mapped "{[/user/getUser],methods=[],params=[],headers=[],consumes=[],produces=[],custom=[]}" onto public com.fun.util.msg.ResultMsg com.fun.body.all.controller.UserController.getUser(javax.servlet.http.HttpServletRequest,java.lang.String)
  [INFO] [2018-06-07 15:24:36][org.springframework.web.servlet.DispatcherServlet]FrameworkServlet 'SpringMVC': initialization completed in 551 ms
  [INFO] [2018-06-07 15:26:08][org.springframework.web.context.support.XmlWebApplicationContext]Closing WebApplicationContext for namespace 'SpringMVC-servlet': startup date [Thu Jun 07 15:24:36 GMT+08:00 2018]; parent: Root WebApplicationContext
  [INFO] [2018-06-07 15:26:08][org.springframework.web.context.support.XmlWebApplicationContext]Closing Root WebApplicationContext: startup date [Thu Jun 07 15:24:35 GMT+08:00 2018]; root of context hierarchy
  [INFO] [2018-06-07 15:26:10][org.springframework.web.context.ContextLoader]Root WebApplicationContext: initialization started
  [INFO] [2018-06-07 15:26:10][org.springframework.web.context.support.XmlWebApplicationContext]Refreshing Root WebApplicationContext: startup date [Thu Jun 07 15:26:10 GMT+08:00 2018]; root of context hierarchy
  [INFO] [2018-06-07 15:26:10][org.springframework.beans.factory.xml.XmlBeanDefinitionReader]Loading XML bean definitions from class path resource [spring-mybatis.xml]
  [INFO] [2018-06-07 15:26:10][org.springframework.context.support.PropertySourcesPlaceholderConfigurer]Loading properties file from class path resource [jdbc.properties]
  [INFO] [2018-06-07 15:26:10][org.springframework.beans.factory.annotation.AutowiredAnnotationBeanPostProcessor]JSR-330 'javax.inject.Inject' annotation found and supported for autowiring
  [INFO] [2018-06-07 15:26:10][org.springframework.web.context.ContextLoader]Root WebApplicationContext: initialization completed in 469 ms
  [INFO] [2018-06-07 15:26:10][org.springframework.web.servlet.DispatcherServlet]FrameworkServlet 'SpringMVC': initialization started
  [INFO] [2018-06-07 15:26:10][org.springframework.web.context.support.XmlWebApplicationContext]Refreshing WebApplicationContext for namespace 'SpringMVC-servlet': startup date [Thu Jun 07 15:26:10 GMT+08:00 2018]; parent: Root WebApplicationContext
  [INFO] [2018-06-07 15:26:10][org.springframework.beans.factory.xml.XmlBeanDefinitionReader]Loading XML bean definitions from class path resource [spring-mvc.xml]
  [INFO] [2018-06-07 15:26:10][org.springframework.beans.factory.annotation.AutowiredAnnotationBeanPostProcessor]JSR-330 'javax.inject.Inject' annotation found and supported for autowiring
  [INFO] [2018-06-07 15:26:10][org.springframework.web.servlet.handler.SimpleUrlHandlerMapping]Mapped URL path [/static/**] onto handler 'org.springframework.web.servlet.resource.ResourceHttpRequestHandler#0'
  [INFO] [2018-06-07 15:26:10][org.springframework.web.servlet.handler.SimpleUrlHandlerMapping]Mapped URL path [/view/**] onto handler 'org.springframework.web.servlet.resource.ResourceHttpRequestHandler#1'
  [INFO] [2018-06-07 15:26:10][org.springframework.web.servlet.mvc.method.annotation.RequestMappingHandlerMapping]Mapped "{[/login/userInfo],methods=[],params=[],headers=[],consumes=[],produces=[],custom=[]}" onto public com.fun.util.msg.ResultMsg com.fun.body.all.controller.LoginController.getUserInfo(javax.servlet.http.HttpServletRequest,java.lang.String)
  [INFO] [2018-06-07 15:26:10][org.springframework.web.servlet.mvc.method.annotation.RequestMappingHandlerMapping]Mapped "{[/login/regist],methods=[],params=[],headers=[],consumes=[],produces=[],custom=[]}" onto public com.fun.util.msg.ResultMsg com.fun.body.all.controller.LoginController.register(javax.servlet.http.HttpServletRequest,java.lang.String,java.lang.String)
  [INFO] [2018-06-07 15:26:10][org.springframework.web.servlet.mvc.method.annotation.RequestMappingHandlerMapping]Mapped "{[/login/checkUserName],methods=[],params=[],headers=[],consumes=[],produces=[],custom=[]}" onto public com.fun.util.msg.ResultMsg com.fun.body.all.controller.LoginController.regist(java.lang.String)
  [INFO] [2018-06-07 15:26:10][org.springframework.web.servlet.mvc.method.annotation.RequestMappingHandlerMapping]Mapped "{[/login/changePassword],methods=[],params=[],headers=[],consumes=[],produces=[],custom=[]}" onto public com.fun.util.msg.ResultMsg com.fun.body.all.controller.LoginController.changePassword(javax.servlet.http.HttpServletRequest,java.lang.String,java.lang.String)
  [INFO] [2018-06-07 15:26:10][org.springframework.web.servlet.mvc.method.annotation.RequestMappingHandlerMapping]Mapped "{[/login/login],methods=[],params=[],headers=[],consumes=[],produces=[],custom=[]}" onto public com.fun.util.msg.ResultMsg com.fun.body.all.controller.LoginController.login(javax.servlet.http.HttpServletRequest,java.lang.String,java.lang.String)
  [INFO] [2018-06-07 15:26:10][org.springframework.web.servlet.mvc.method.annotation.RequestMappingHandlerMapping]Mapped "{[/user/getUser],methods=[],params=[],headers=[],consumes=[],produces=[],custom=[]}" onto public com.fun.util.msg.ResultMsg com.fun.body.all.controller.UserController.getUser(javax.servlet.http.HttpServletRequest,java.lang.String)
  [INFO] [2018-06-07 15:26:11][org.springframework.web.servlet.DispatcherServlet]FrameworkServlet 'SpringMVC': initialization completed in 468 ms
  [INFO] [2018-06-07 15:33:58][org.springframework.web.context.support.XmlWebApplicationContext]Closing WebApplicationContext for namespace 'SpringMVC-servlet': startup date [Thu Jun 07 15:26:10 GMT+08:00 2018]; parent: Root WebApplicationContext
  [INFO] [2018-06-07 15:33:58][org.springframework.web.context.support.XmlWebApplicationContext]Closing Root WebApplicationContext: startup date [Thu Jun 07 15:26:10 GMT+08:00 2018]; root of context hierarchy
  [INFO] [2018-06-07 15:33:59][org.springframework.web.context.ContextLoader]Root WebApplicationContext: initialization started
  [INFO] [2018-06-07 15:33:59][org.springframework.web.context.support.XmlWebApplicationContext]Refreshing Root WebApplicationContext: startup date [Thu Jun 07 15:33:59 GMT+08:00 2018]; root of context hierarchy
  [INFO] [2018-06-07 15:33:59][org.springframework.beans.factory.xml.XmlBeanDefinitionReader]Loading XML bean definitions from class path resource [spring-mybatis.xml]
  [INFO] [2018-06-07 15:33:59][org.springframework.context.support.PropertySourcesPlaceholderConfigurer]Loading properties file from class path resource [jdbc.properties]
  [INFO] [2018-06-07 15:33:59][org.springframework.beans.factory.annotation.AutowiredAnnotationBeanPostProcessor]JSR-330 'javax.inject.Inject' annotation found and supported for autowiring
  [INFO] [2018-06-07 15:34:00][org.springframework.web.context.ContextLoader]Root WebApplicationContext: initialization completed in 546 ms
  [INFO] [2018-06-07 15:34:00][org.springframework.web.servlet.DispatcherServlet]FrameworkServlet 'SpringMVC': initialization started
  [INFO] [2018-06-07 15:34:00][org.springframework.web.context.support.XmlWebApplicationContext]Refreshing WebApplicationContext for namespace 'SpringMVC-servlet': startup date [Thu Jun 07 15:34:00 GMT+08:00 2018]; parent: Root WebApplicationContext
  [INFO] [2018-06-07 15:34:00][org.springframework.beans.factory.xml.XmlBeanDefinitionReader]Loading XML bean definitions from class path resource [spring-mvc.xml]
  [INFO] [2018-06-07 15:34:00][org.springframework.beans.factory.annotation.AutowiredAnnotationBeanPostProcessor]JSR-330 'javax.inject.Inject' annotation found and supported for autowiring
  [INFO] [2018-06-07 15:34:00][org.springframework.web.servlet.handler.SimpleUrlHandlerMapping]Mapped URL path [/static/**] onto handler 'org.springframework.web.servlet.resource.ResourceHttpRequestHandler#0'
  [INFO] [2018-06-07 15:34:00][org.springframework.web.servlet.handler.SimpleUrlHandlerMapping]Mapped URL path [/view/**] onto handler 'org.springframework.web.servlet.resource.ResourceHttpRequestHandler#1'
  [INFO] [2018-06-07 15:34:00][org.springframework.web.servlet.mvc.method.annotation.RequestMappingHandlerMapping]Mapped "{[/login/userInfo],methods=[],params=[],headers=[],consumes=[],produces=[],custom=[]}" onto public com.fun.util.msg.ResultMsg com.fun.body.all.controller.LoginController.getUserInfo(javax.servlet.http.HttpServletRequest,java.lang.String)
  [INFO] [2018-06-07 15:34:00][org.springframework.web.servlet.mvc.method.annotation.RequestMappingHandlerMapping]Mapped "{[/login/regist],methods=[],params=[],headers=[],consumes=[],produces=[],custom=[]}" onto public com.fun.util.msg.ResultMsg com.fun.body.all.controller.LoginController.register(javax.servlet.http.HttpServletRequest,java.lang.String,java.lang.String)
  [INFO] [2018-06-07 15:34:00][org.springframework.web.servlet.mvc.method.annotation.RequestMappingHandlerMapping]Mapped "{[/login/checkUserName],methods=[],params=[],headers=[],consumes=[],produces=[],custom=[]}" onto public com.fun.util.msg.ResultMsg com.fun.body.all.controller.LoginController.regist(java.lang.String)
  [INFO] [2018-06-07 15:34:00][org.springframework.web.servlet.mvc.method.annotation.RequestMappingHandlerMapping]Mapped "{[/login/changePassword],methods=[],params=[],headers=[],consumes=[],produces=[],custom=[]}" onto public com.fun.util.msg.ResultMsg com.fun.body.all.controller.LoginController.changePassword(javax.servlet.http.HttpServletRequest,java.lang.String,java.lang.String)
  [INFO] [2018-06-07 15:34:00][org.springframework.web.servlet.mvc.method.annotation.RequestMappingHandlerMapping]Mapped "{[/login/login],methods=[],params=[],headers=[],consumes=[],produces=[],custom=[]}" onto public com.fun.util.msg.ResultMsg com.fun.body.all.controller.LoginController.login(javax.servlet.http.HttpServletRequest,java.lang.String,java.lang.String)
  [INFO] [2018-06-07 15:34:00][org.springframework.web.servlet.mvc.method.annotation.RequestMappingHandlerMapping]Mapped "{[/user/getUser],methods=[],params=[],headers=[],consumes=[],produces=[],custom=[]}" onto public com.fun.util.msg.ResultMsg com.fun.body.all.controller.UserController.getUser(javax.servlet.http.HttpServletRequest,java.lang.String)
  [INFO] [2018-06-07 15:34:00][org.springframework.web.servlet.DispatcherServlet]FrameworkServlet 'SpringMVC': initialization completed in 429 ms
  [INFO] [2018-06-11 17:21:54][org.springframework.web.context.ContextLoader]Root WebApplicationContext: initialization started
  [INFO] [2018-06-11 17:21:54][org.springframework.web.context.support.XmlWebApplicationContext]Refreshing Root WebApplicationContext: startup date [Mon Jun 11 17:21:54 GMT+08:00 2018]; root of context hierarchy
  [INFO] [2018-06-11 17:21:54][org.springframework.beans.factory.xml.XmlBeanDefinitionReader]Loading XML bean definitions from class path resource [spring-mybatis.xml]
  [INFO] [2018-06-11 17:21:54][org.springframework.context.support.PropertySourcesPlaceholderConfigurer]Loading properties file from class path resource [jdbc.properties]
  [INFO] [2018-06-11 17:21:54][org.springframework.beans.factory.annotation.AutowiredAnnotationBeanPostProcessor]JSR-330 'javax.inject.Inject' annotation found and supported for autowiring
  [INFO] [2018-06-11 17:21:55][org.springframework.web.context.ContextLoader]Root WebApplicationContext: initialization completed in 929 ms
  [INFO] [2018-06-11 17:21:55][org.springframework.web.servlet.DispatcherServlet]FrameworkServlet 'SpringMVC': initialization started
  [INFO] [2018-06-11 17:21:55][org.springframework.web.context.support.XmlWebApplicationContext]Refreshing WebApplicationContext for namespace 'SpringMVC-servlet': startup date [Mon Jun 11 17:21:55 GMT+08:00 2018]; parent: Root WebApplicationContext
  [INFO] [2018-06-11 17:21:55][org.springframework.beans.factory.xml.XmlBeanDefinitionReader]Loading XML bean definitions from class path resource [spring-mvc.xml]
  [INFO] [2018-06-11 17:21:55][org.springframework.beans.factory.annotation.AutowiredAnnotationBeanPostProcessor]JSR-330 'javax.inject.Inject' annotation found and supported for autowiring
  [INFO] [2018-06-11 17:21:55][org.springframework.web.servlet.handler.SimpleUrlHandlerMapping]Mapped URL path [/static/**] onto handler 'org.springframework.web.servlet.resource.ResourceHttpRequestHandler#0'
  [INFO] [2018-06-11 17:21:55][org.springframework.web.servlet.handler.SimpleUrlHandlerMapping]Mapped URL path [/view/**] onto handler 'org.springframework.web.servlet.resource.ResourceHttpRequestHandler#1'
  [INFO] [2018-06-11 17:21:56][org.springframework.web.servlet.mvc.method.annotation.RequestMappingHandlerMapping]Mapped "{[/login/userInfo],methods=[],params=[],headers=[],consumes=[],produces=[],custom=[]}" onto public com.fun.util.msg.ResultMsg com.fun.body.all.controller.LoginController.getUserInfo(javax.servlet.http.HttpServletRequest,java.lang.String)
  [INFO] [2018-06-11 17:21:56][org.springframework.web.servlet.mvc.method.annotation.RequestMappingHandlerMapping]Mapped "{[/login/regist],methods=[],params=[],headers=[],consumes=[],produces=[],custom=[]}" onto public com.fun.util.msg.ResultMsg com.fun.body.all.controller.LoginController.register(javax.servlet.http.HttpServletRequest,java.lang.String,java.lang.String)
  [INFO] [2018-06-11 17:21:56][org.springframework.web.servlet.mvc.method.annotation.RequestMappingHandlerMapping]Mapped "{[/login/changePassword],methods=[],params=[],headers=[],consumes=[],produces=[],custom=[]}" onto public com.fun.util.msg.ResultMsg com.fun.body.all.controller.LoginController.changePassword(javax.servlet.http.HttpServletRequest,java.lang.String,java.lang.String)
  [INFO] [2018-06-11 17:21:56][org.springframework.web.servlet.mvc.method.annotation.RequestMappingHandlerMapping]Mapped "{[/login/login],methods=[],params=[],headers=[],consumes=[],produces=[],custom=[]}" onto public com.fun.util.msg.ResultMsg com.fun.body.all.controller.LoginController.login(javax.servlet.http.HttpServletRequest,java.lang.String,java.lang.String)
  [INFO] [2018-06-11 17:21:56][org.springframework.web.servlet.mvc.method.annotation.RequestMappingHandlerMapping]Mapped "{[/login/checkUserName],methods=[],params=[],headers=[],consumes=[],produces=[],custom=[]}" onto public com.fun.util.msg.ResultMsg com.fun.body.all.controller.LoginController.regist(java.lang.String)
  [INFO] [2018-06-11 17:21:56][org.springframework.web.servlet.mvc.method.annotation.RequestMappingHandlerMapping]Mapped "{[/user/getUser],methods=[],params=[],headers=[],consumes=[],produces=[],custom=[]}" onto public com.fun.util.msg.ResultMsg com.fun.body.all.controller.UserController.getUser(javax.servlet.http.HttpServletRequest,java.lang.String)
  [INFO] [2018-06-11 17:21:56][org.springframework.web.servlet.mvc.method.annotation.RequestMappingHandlerMapping]Mapped "{[/user/getImage],methods=[GET],params=[],headers=[],consumes=[],produces=[],custom=[]}" onto public com.fun.util.msg.ResultMsg com.fun.body.all.controller.UserController.getImage(javax.servlet.http.HttpServletRequest)
  [INFO] [2018-06-11 17:21:56][org.springframework.web.servlet.DispatcherServlet]FrameworkServlet 'SpringMVC': initialization completed in 586 ms
  [INFO] [2018-06-11 21:29:24][org.springframework.web.context.ContextLoader]Root WebApplicationContext: initialization started
  [INFO] [2018-06-11 21:29:24][org.springframework.web.context.support.XmlWebApplicationContext]Refreshing Root WebApplicationContext: startup date [Mon Jun 11 21:29:24 GMT+08:00 2018]; root of context hierarchy
  [INFO] [2018-06-11 21:29:24][org.springframework.beans.factory.xml.XmlBeanDefinitionReader]Loading XML bean definitions from class path resource [spring-mybatis.xml]
  [INFO] [2018-06-11 21:29:25][org.springframework.context.support.PropertySourcesPlaceholderConfigurer]Loading properties file from class path resource [jdbc.properties]
  [INFO] [2018-06-11 21:29:25][org.springframework.beans.factory.annotation.AutowiredAnnotationBeanPostProcessor]JSR-330 'javax.inject.Inject' annotation found and supported for autowiring
  [INFO] [2018-06-11 21:29:26][org.springframework.web.context.ContextLoader]Root WebApplicationContext: initialization completed in 1164 ms
  [INFO] [2018-06-11 21:29:26][org.springframework.web.servlet.DispatcherServlet]FrameworkServlet 'SpringMVC': initialization started
  [INFO] [2018-06-11 21:29:26][org.springframework.web.context.support.XmlWebApplicationContext]Refreshing WebApplicationContext for namespace 'SpringMVC-servlet': startup date [Mon Jun 11 21:29:26 GMT+08:00 2018]; parent: Root WebApplicationContext
  [INFO] [2018-06-11 21:29:26][org.springframework.beans.factory.xml.XmlBeanDefinitionReader]Loading XML bean definitions from class path resource [spring-mvc.xml]
  [INFO] [2018-06-11 21:29:26][org.springframework.beans.factory.annotation.AutowiredAnnotationBeanPostProcessor]JSR-330 'javax.inject.Inject' annotation found and supported for autowiring
  [INFO] [2018-06-11 21:29:26][org.springframework.web.servlet.handler.SimpleUrlHandlerMapping]Mapped URL path [/static/**] onto handler 'org.springframework.web.servlet.resource.ResourceHttpRequestHandler#0'
  [INFO] [2018-06-11 21:29:26][org.springframework.web.servlet.handler.SimpleUrlHandlerMapping]Mapped URL path [/view/**] onto handler 'org.springframework.web.servlet.resource.ResourceHttpRequestHandler#1'
  [INFO] [2018-06-11 21:29:26][org.springframework.web.servlet.mvc.method.annotation.RequestMappingHandlerMapping]Mapped "{[/login/userInfo],methods=[],params=[],headers=[],consumes=[],produces=[],custom=[]}" onto public com.fun.util.msg.ResultMsg com.fun.body.all.controller.LoginController.getUserInfo(javax.servlet.http.HttpServletRequest,java.lang.String)
  [INFO] [2018-06-11 21:29:26][org.springframework.web.servlet.mvc.method.annotation.RequestMappingHandlerMapping]Mapped "{[/login/regist],methods=[],params=[],headers=[],consumes=[],produces=[],custom=[]}" onto public com.fun.util.msg.ResultMsg com.fun.body.all.controller.LoginController.register(javax.servlet.http.HttpServletRequest,java.lang.String,java.lang.String)
  [INFO] [2018-06-11 21:29:26][org.springframework.web.servlet.mvc.method.annotation.RequestMappingHandlerMapping]Mapped "{[/login/login],methods=[],params=[],headers=[],consumes=[],produces=[],custom=[]}" onto public com.fun.util.msg.ResultMsg com.fun.body.all.controller.LoginController.login(javax.servlet.http.HttpServletRequest,java.lang.String,java.lang.String)
  [INFO] [2018-06-11 21:29:26][org.springframework.web.servlet.mvc.method.annotation.RequestMappingHandlerMapping]Mapped "{[/login/changePassword],methods=[],params=[],headers=[],consumes=[],produces=[],custom=[]}" onto public com.fun.util.msg.ResultMsg com.fun.body.all.controller.LoginController.changePassword(javax.servlet.http.HttpServletRequest,java.lang.String,java.lang.String)
  [INFO] [2018-06-11 21:29:26][org.springframework.web.servlet.mvc.method.annotation.RequestMappingHandlerMapping]Mapped "{[/login/checkUserName],methods=[],params=[],headers=[],consumes=[],produces=[],custom=[]}" onto public com.fun.util.msg.ResultMsg com.fun.body.all.controller.LoginController.regist(java.lang.String)
  [INFO] [2018-06-11 21:29:26][org.springframework.web.servlet.mvc.method.annotation.RequestMappingHandlerMapping]Mapped "{[/user/getUser],methods=[],params=[],headers=[],consumes=[],produces=[],custom=[]}" onto public com.fun.util.msg.ResultMsg com.fun.body.all.controller.UserController.getUser(javax.servlet.http.HttpServletRequest,java.lang.String)
  [INFO] [2018-06-11 21:29:26][org.springframework.web.servlet.mvc.method.annotation.RequestMappingHandlerMapping]Mapped "{[/user/getImage],methods=[GET],params=[],headers=[],consumes=[],produces=[],custom=[]}" onto public com.fun.util.msg.ResultMsg com.fun.body.all.controller.UserController.getImage(javax.servlet.http.HttpServletRequest)
  [INFO] [2018-06-11 21:29:26][org.springframework.web.servlet.DispatcherServlet]FrameworkServlet 'SpringMVC': initialization completed in 687 ms
  [INFO] [2018-06-11 21:50:14][org.springframework.web.context.support.XmlWebApplicationContext]Closing WebApplicationContext for namespace 'SpringMVC-servlet': startup date [Mon Jun 11 21:29:26 GMT+08:00 2018]; parent: Root WebApplicationContext
  [INFO] [2018-06-11 21:50:14][org.springframework.web.context.support.XmlWebApplicationContext]Closing Root WebApplicationContext: startup date [Mon Jun 11 21:29:24 GMT+08:00 2018]; root of context hierarchy
  [INFO] [2018-06-11 21:50:16][org.springframework.web.context.ContextLoader]Root WebApplicationContext: initialization started
  [INFO] [2018-06-11 21:50:17][org.springframework.web.context.support.XmlWebApplicationContext]Refreshing Root WebApplicationContext: startup date [Mon Jun 11 21:50:17 GMT+08:00 2018]; root of context hierarchy
  [INFO] [2018-06-11 21:50:17][org.springframework.beans.factory.xml.XmlBeanDefinitionReader]Loading XML bean definitions from class path resource [spring-mybatis.xml]
  [INFO] [2018-06-11 21:50:17][org.springframework.context.support.PropertySourcesPlaceholderConfigurer]Loading properties file from class path resource [jdbc.properties]
  [INFO] [2018-06-11 21:50:17][org.springframework.beans.factory.annotation.AutowiredAnnotationBeanPostProcessor]JSR-330 'javax.inject.Inject' annotation found and supported for autowiring
  [INFO] [2018-06-11 21:50:17][org.springframework.web.context.ContextLoader]Root WebApplicationContext: initialization completed in 544 ms
  [INFO] [2018-06-11 21:50:17][org.springframework.web.servlet.DispatcherServlet]FrameworkServlet 'SpringMVC': initialization started
  [INFO] [2018-06-11 21:50:17][org.springframework.web.context.support.XmlWebApplicationContext]Refreshing WebApplicationContext for namespace 'SpringMVC-servlet': startup date [Mon Jun 11 21:50:17 GMT+08:00 2018]; parent: Root WebApplicationContext
  [INFO] [2018-06-11 21:50:17][org.springframework.beans.factory.xml.XmlBeanDefinitionReader]Loading XML bean definitions from class path resource [spring-mvc.xml]
  [INFO] [2018-06-11 21:50:17][org.springframework.beans.factory.annotation.AutowiredAnnotationBeanPostProcessor]JSR-330 'javax.inject.Inject' annotation found and supported for autowiring
  [INFO] [2018-06-11 21:50:17][org.springframework.web.servlet.handler.SimpleUrlHandlerMapping]Mapped URL path [/static/**] onto handler 'org.springframework.web.servlet.resource.ResourceHttpRequestHandler#0'
  [INFO] [2018-06-11 21:50:17][org.springframework.web.servlet.handler.SimpleUrlHandlerMapping]Mapped URL path [/view/**] onto handler 'org.springframework.web.servlet.resource.ResourceHttpRequestHandler#1'
  [INFO] [2018-06-11 21:50:17][org.springframework.web.servlet.mvc.method.annotation.RequestMappingHandlerMapping]Mapped "{[/login/userInfo],methods=[],params=[],headers=[],consumes=[],produces=[],custom=[]}" onto public com.fun.util.msg.ResultMsg com.fun.body.all.controller.LoginController.getUserInfo(javax.servlet.http.HttpServletRequest,java.lang.String)
  [INFO] [2018-06-11 21:50:17][org.springframework.web.servlet.mvc.method.annotation.RequestMappingHandlerMapping]Mapped "{[/login/regist],methods=[],params=[],headers=[],consumes=[],produces=[],custom=[]}" onto public com.fun.util.msg.ResultMsg com.fun.body.all.controller.LoginController.register(javax.servlet.http.HttpServletRequest,java.lang.String,java.lang.String)
  [INFO] [2018-06-11 21:50:17][org.springframework.web.servlet.mvc.method.annotation.RequestMappingHandlerMapping]Mapped "{[/login/login],methods=[],params=[],headers=[],consumes=[],produces=[],custom=[]}" onto public com.fun.util.msg.ResultMsg com.fun.body.all.controller.LoginController.login(javax.servlet.http.HttpServletRequest,java.lang.String,java.lang.String)
  [INFO] [2018-06-11 21:50:17][org.springframework.web.servlet.mvc.method.annotation.RequestMappingHandlerMapping]Mapped "{[/login/changePassword],methods=[],params=[],headers=[],consumes=[],produces=[],custom=[]}" onto public com.fun.util.msg.ResultMsg com.fun.body.all.controller.LoginController.changePassword(javax.servlet.http.HttpServletRequest,java.lang.String,java.lang.String)
  [INFO] [2018-06-11 21:50:17][org.springframework.web.servlet.mvc.method.annotation.RequestMappingHandlerMapping]Mapped "{[/login/checkUserName],methods=[],params=[],headers=[],consumes=[],produces=[],custom=[]}" onto public com.fun.util.msg.ResultMsg com.fun.body.all.controller.LoginController.regist(java.lang.String)
  [INFO] [2018-06-11 21:50:17][org.springframework.web.servlet.mvc.method.annotation.RequestMappingHandlerMapping]Mapped "{[/user/getUser],methods=[],params=[],headers=[],consumes=[],produces=[],custom=[]}" onto public com.fun.util.msg.ResultMsg com.fun.body.all.controller.UserController.getUser(javax.servlet.http.HttpServletRequest,java.lang.String)
  [INFO] [2018-06-11 21:50:17][org.springframework.web.servlet.mvc.method.annotation.RequestMappingHandlerMapping]Mapped "{[/user/getImage],methods=[GET],params=[],headers=[],consumes=[],produces=[],custom=[]}" onto public com.fun.util.msg.ResultMsg com.fun.body.all.controller.UserController.getImage(javax.servlet.http.HttpServletRequest)
  [INFO] [2018-06-11 21:50:18][org.springframework.web.servlet.DispatcherServlet]FrameworkServlet 'SpringMVC': initialization completed in 559 ms
  